This file contains any messages produced by compilers while
running configure, to aid debugging if configure makes a mistake.

It was created by jansson configure 2.14, which was
generated by GNU Autoconf 2.72.  Invocation command line was

  $ ./configure --disable-option-checking --prefix=/usr/local --cache-file=/dev/null --srcdir=.

## --------- ##
## Platform. ##
## --------- ##

hostname = MacBook-Pro-M1-Max.local
uname -m = arm64
uname -r = 24.1.0
uname -s = Darwin
uname -v = Darwin Kernel Version 24.1.0: Fri Aug  2 03:23:05 PDT 2024; root:xnu-11215.40.24.0.1~10/RELEASE_ARM64_T6000

/usr/bin/uname -p = arm
/bin/uname -X     = unknown

/bin/arch              = unknown
/usr/bin/arch -k       = unknown
/usr/convex/getsysinfo = unknown
/usr/bin/hostinfo      = Mach kernel version:
	 Darwin Kernel Version 24.1.0: Fri Aug  2 03:23:05 PDT 2024; root:xnu-11215.40.24.0.1~10/RELEASE_ARM64_T6000
Kernel configured for up to 10 processors.
10 processors are physically available.
10 processors are logically available.
Processor type: arm64e (ARM64E)
Processors active: 0 1 2 3 4 5 6 7 8 9
Primary memory available: 32.00 gigabytes
Default processor set: 886 tasks, 6581 threads, 10 processors
Load average: 9.92, Mach factor: 3.39
/bin/machine           = unknown
/usr/bin/oslevel       = unknown
/bin/universe          = unknown

PATH: /Users/tonyoutlier/anaconda3/bin/
PATH: /Users/tonyoutlier/anaconda3/condabin/
PATH: /opt/local/bin/
PATH: /opt/local/sbin/
PATH: /opt/homebrew/bin/
PATH: /opt/homebrew/sbin/
PATH: /usr/local/bin/
PATH: /System/Cryptexes/App/usr/bin/
PATH: /usr/bin/
PATH: /bin/
PATH: /usr/sbin/
PATH: /sbin/
PATH: /var/run/com.apple.security.cryptexd/codex.system/bootstrap/usr/local/bin/
PATH: /var/run/com.apple.security.cryptexd/codex.system/bootstrap/usr/bin/
PATH: /var/run/com.apple.security.cryptexd/codex.system/bootstrap/usr/appleinternal/bin/
PATH: /Library/Apple/usr/bin/
PATH: /Library/TeX/texbin/
PATH: /Applications/VMware Fusion.app/Contents/Public/
PATH: /Applications/iTerm.app/Contents/Resources/utilities/
PATH: /Users/tonyoutlier/Library/Application Support/JetBrains/Toolbox/scripts/
PATH: /Users/tonyoutlier/Library/Android/sdk/emulator/
PATH: /Users/tonyoutlier/Library/Android/sdk/platform-tools/


## ----------- ##
## Core tests. ##
## ----------- ##

configure:3001: looking for aux files: config.guess config.sub ltmain.sh compile missing install-sh
configure:3014:  trying ././
configure:3043:   ././config.guess found
configure:3043:   ././config.sub found
configure:3043:   ././ltmain.sh found
configure:3043:   ././compile found
configure:3043:   ././missing found
configure:3025:   ././install-sh found
configure:3175: checking for a BSD-compatible install
configure:3249: result: /usr/bin/install -c
configure:3260: checking whether sleep supports fractional seconds
configure:3276: result: yes
configure:3279: checking filesystem timestamp resolution
configure:3414: result: 2
configure:3419: checking whether build environment is sane
configure:3460: result: yes
configure:3631: checking for a race-free mkdir -p
configure:3674: result: mkdir -p
configure:3681: checking for gawk
configure:3717: result: no
configure:3681: checking for mawk
configure:3717: result: no
configure:3681: checking for nawk
configure:3717: result: no
configure:3681: checking for awk
configure:3702: found /usr/bin/awk
configure:3714: result: awk
configure:3725: checking whether make sets $(MAKE)
configure:3749: result: yes
configure:3775: checking whether make supports nested variables
configure:3794: result: yes
configure:3808: checking xargs -n works
configure:3824: result: yes
configure:3992: checking for gcc
configure:4013: found /usr/bin/gcc
configure:4025: result: gcc
configure:4384: checking for C compiler version
configure:4393: gcc --version >&5
Apple clang version 15.0.0 (clang-1500.3.9.4)
Target: arm64-apple-darwin24.1.0
Thread model: posix
InstalledDir: /Applications/Xcode.app/Contents/Developer/Toolchains/XcodeDefault.xctoolchain/usr/bin
configure:4404: $? = 0
configure:4393: gcc -v >&5
Apple clang version 15.0.0 (clang-1500.3.9.4)
Target: arm64-apple-darwin24.1.0
Thread model: posix
InstalledDir: /Applications/Xcode.app/Contents/Developer/Toolchains/XcodeDefault.xctoolchain/usr/bin
configure:4404: $? = 0
configure:4393: gcc -V >&5
clang: error: argument to '-V' is missing (expected 1 value)
clang: error: no input files
configure:4404: $? = 1
configure:4393: gcc -qversion >&5
clang: error: unknown argument '-qversion'; did you mean '--version'?
clang: error: no input files
configure:4404: $? = 1
configure:4393: gcc -version >&5
clang: error: unknown argument '-version'; did you mean '--version'?
clang: error: no input files
configure:4404: $? = 1
configure:4424: checking whether the C compiler works
configure:4446: gcc    conftest.c  >&5
configure:4450: $? = 0
configure:4501: result: yes
configure:4505: checking for C compiler default output file name
configure:4507: result: a.out
configure:4513: checking for suffix of executables
configure:4520: gcc -o conftest    conftest.c  >&5
configure:4524: $? = 0
configure:4548: result: 
configure:4572: checking whether we are cross compiling
configure:4580: gcc -o conftest    conftest.c  >&5
configure:4584: $? = 0
configure:4591: ./conftest
configure:4595: $? = 0
configure:4610: result: no
configure:4616: checking for suffix of object files
configure:4639: gcc -c   conftest.c >&5
configure:4643: $? = 0
configure:4667: result: o
configure:4671: checking whether the compiler supports GNU C
configure:4691: gcc -c   conftest.c >&5
configure:4691: $? = 0
configure:4703: result: yes
configure:4714: checking whether gcc accepts -g
configure:4735: gcc -c -g  conftest.c >&5
configure:4735: $? = 0
configure:4782: result: yes
configure:4802: checking for gcc option to enable C11 features
configure:4817: gcc  -c -g -O2  conftest.c >&5
configure:4817: $? = 0
configure:4836: result: none needed
configure:4960: checking whether gcc understands -c and -o together
configure:4983: gcc -c conftest.c -o conftest2.o
configure:4986: $? = 0
configure:4983: gcc -c conftest.c -o conftest2.o
configure:4986: $? = 0
configure:4999: result: yes
configure:5019: checking whether make supports the include directive
configure:5034: make -f confmf.GNU && cat confinc.out
this is the am__doit target
configure:5037: $? = 0
configure:5056: result: yes (GNU style)
configure:5082: checking dependency style of gcc
configure:5195: result: gcc3
configure:5280: checking for g++
configure:5301: found /usr/bin/g++
configure:5313: result: g++
configure:5340: checking for C++ compiler version
configure:5349: g++ --version >&5
Apple clang version 15.0.0 (clang-1500.3.9.4)
Target: arm64-apple-darwin24.1.0
Thread model: posix
InstalledDir: /Applications/Xcode.app/Contents/Developer/Toolchains/XcodeDefault.xctoolchain/usr/bin
configure:5360: $? = 0
configure:5349: g++ -v >&5
Apple clang version 15.0.0 (clang-1500.3.9.4)
Target: arm64-apple-darwin24.1.0
Thread model: posix
InstalledDir: /Applications/Xcode.app/Contents/Developer/Toolchains/XcodeDefault.xctoolchain/usr/bin
configure:5360: $? = 0
configure:5349: g++ -V >&5
clang: error: argument to '-V' is missing (expected 1 value)
clang: error: no input files
configure:5360: $? = 1
configure:5349: g++ -qversion >&5
clang: error: unknown argument '-qversion'; did you mean '--version'?
clang: error: no input files
configure:5360: $? = 1
configure:5364: checking whether the compiler supports GNU C++
configure:5384: g++ -c   conftest.cpp >&5
configure:5384: $? = 0
configure:5396: result: yes
configure:5407: checking whether g++ accepts -g
configure:5428: g++ -c -g  conftest.cpp >&5
configure:5428: $? = 0
configure:5475: result: yes
configure:5495: checking for g++ option to enable C++11 features
configure:5510: g++  -c -g -O2  conftest.cpp >&5
conftest.cpp:57:3: error: "Compiler does not advertise C++11 conformance"
# error "Compiler does not advertise C++11 conformance"
  ^
conftest.cpp:62:3: error: unknown type name 'constexpr'
  constexpr int get_val() { return 20; }
  ^
conftest.cpp:74:17: error: delegating constructors are permitted only in C++11
    delegate(): delegate(2354) {}
                ^~~~~~~~
conftest.cpp:85:26: warning: 'override' keyword is a C++11 extension [-Wc++11-extensions]
    virtual int getval() override final { return this->n * 2; }
                         ^
conftest.cpp:85:35: warning: 'final' keyword is a C++11 extension [-Wc++11-extensions]
    virtual int getval() override final { return this->n * 2; }
                                  ^
conftest.cpp:92:16: warning: defaulted function definitions are a C++11 extension [-Wc++11-extensions]
    nocopy() = default;
               ^
conftest.cpp:93:29: warning: deleted function definitions are a C++11 extension [-Wc++11-extensions]
    nocopy(const nocopy&) = delete;
                            ^
conftest.cpp:94:41: warning: deleted function definitions are a C++11 extension [-Wc++11-extensions]
    nocopy & operator=(const nocopy&) = delete;
                                        ^
conftest.cpp:106:25: warning: 'auto' type specifier is a C++11 extension [-Wc++11-extensions]
  template <typename V> auto sum(V first) -> V
                        ^
conftest.cpp:106:25: error: 'auto' not allowed in function return type
  template <typename V> auto sum(V first) -> V
                        ^~~~
conftest.cpp:106:42: error: expected ';' at end of declaration
  template <typename V> auto sum(V first) -> V
                                         ^
                                         ;
conftest.cpp:106:43: error: cannot use arrow operator on a type
  template <typename V> auto sum(V first) -> V
                                          ^
conftest.cpp:110:33: warning: variadic templates are a C++11 extension [-Wc++11-extensions]
  template <typename V, typename... Args> auto sum(V first, Args... rest) -> V
                                ^
conftest.cpp:110:43: warning: 'auto' type specifier is a C++11 extension [-Wc++11-extensions]
  template <typename V, typename... Args> auto sum(V first, Args... rest) -> V
                                          ^
conftest.cpp:110:43: error: 'auto' not allowed in function return type
  template <typename V, typename... Args> auto sum(V first, Args... rest) -> V
                                          ^~~~
conftest.cpp:110:74: error: expected ';' at end of declaration
  template <typename V, typename... Args> auto sum(V first, Args... rest) -> V
                                                                         ^
                                                                         ;
conftest.cpp:110:75: error: cannot use arrow operator on a type
  template <typename V, typename... Args> auto sum(V first, Args... rest) -> V
                                                                          ^
conftest.cpp:134:3: warning: 'auto' type specifier is a C++11 extension [-Wc++11-extensions]
  auto a1 = 6538;
  ^
conftest.cpp:135:3: warning: 'auto' type specifier is a C++11 extension [-Wc++11-extensions]
  auto a2 = 48573953.4;
  ^
conftest.cpp:136:3: warning: 'auto' type specifier is a C++11 extension [-Wc++11-extensions]
  auto a3 = "String literal";
  ^
conftest.cpp:139:8: warning: 'auto' type specifier is a C++11 extension [-Wc++11-extensions]
  for (auto i = a3; *i; ++i) { total += *i; }
       ^
conftest.cpp:155:8: warning: 'auto' type specifier is a C++11 extension [-Wc++11-extensions]
  for (auto &x : array) { x += 23; }
       ^
conftest.cpp:155:16: warning: range-based for loop is a C++11 extension [-Wc++11-extensions]
  for (auto &x : array) { x += 23; }
               ^
conftest.cpp:160:17: error: expected expression
  assert (eval ([](int x) { return x*2; }, 21) == 42);
                ^
conftest.cpp:162:17: error: expected expression
  assert (eval ([&](double x) { return d += x; }, 3.0) == 5.0);
                ^
conftest.cpp:164:17: error: expected expression
  assert (eval ([=](double x) mutable { return d += x; }, 4.0) == 9.0);
                ^
conftest.cpp:170:3: warning: 'auto' type specifier is a C++11 extension [-Wc++11-extensions]
  auto a = sum(1);
  ^
conftest.cpp:170:12: error: no matching function for call to 'sum'
  auto a = sum(1);
           ^~~
conftest.cpp:171:3: warning: 'auto' type specifier is a C++11 extension [-Wc++11-extensions]
  auto b = sum(1, 2);
  ^
conftest.cpp:171:12: error: no matching function for call to 'sum'
  auto b = sum(1, 2);
           ^~~
conftest.cpp:172:3: warning: 'auto' type specifier is a C++11 extension [-Wc++11-extensions]
  auto c = sum(1.0, 2.0, 3.0);
  ^
conftest.cpp:172:12: error: no matching function for call to 'sum'
  auto c = sum(1.0, 2.0, 3.0);
           ^~~
conftest.cpp:177:25: warning: empty parentheses interpreted as a function declaration [-Wvexing-parse]
  cxx11test::delegate d2();
                        ^~
conftest.cpp:177:25: note: remove parentheses to declare a variable
  cxx11test::delegate d2();
                        ^~
conftest.cpp:190:16: error: found '<::' after a template name which forms the digraph '<:' (aka '[') and a ':', did you mean '< ::'?
  test_template<::test_template<int>> v(test_template<int>(12));
               ^~~
               < ::
conftest.cpp:190:36: error: a space is required between consecutive right angle brackets (use '> >')
  test_template<::test_template<int>> v(test_template<int>(12));
                                   ^~
                                   > >
conftest.cpp:194:22: error: use of undeclared identifier 'u8'
  char const *utf8 = u8"UTF-8 string \u2500";
                     ^
conftest.cpp:194:24: error: expected ';' at end of declaration
  char const *utf8 = u8"UTF-8 string \u2500";
                       ^
                       ;
fatal error: too many errors emitted, stopping now [-ferror-limit=]
18 warnings and 20 errors generated.
configure:5510: $? = 1
configure: failed program was:
| /* confdefs.h */
| #define PACKAGE_NAME "jansson"
| #define PACKAGE_TARNAME "jansson"
| #define PACKAGE_VERSION "2.14"
| #define PACKAGE_STRING "jansson 2.14"
| #define PACKAGE_BUGREPORT "https://github.com/akheron/jansson/issues"
| #define PACKAGE_URL ""
| #define PACKAGE "jansson"
| #define VERSION "2.14"
| /* end confdefs.h.  */
| 
| // Does the compiler advertise C++98 conformance?
| #if !defined __cplusplus || __cplusplus < 199711L
| # error "Compiler does not advertise C++98 conformance"
| #endif
| 
| // These inclusions are to reject old compilers that
| // lack the unsuffixed header files.
| #include <cstdlib>
| #include <exception>
| 
| // <cassert> and <cstring> are *not* freestanding headers in C++98.
| extern void assert (int);
| namespace std {
|   extern int strcmp (const char *, const char *);
| }
| 
| // Namespaces, exceptions, and templates were all added after "C++ 2.0".
| using std::exception;
| using std::strcmp;
| 
| namespace {
| 
| void test_exception_syntax()
| {
|   try {
|     throw "test";
|   } catch (const char *s) {
|     // Extra parentheses suppress a warning when building autoconf itself,
|     // due to lint rules shared with more typical C programs.
|     assert (!(strcmp) (s, "test"));
|   }
| }
| 
| template <typename T> struct test_template
| {
|   T const val;
|   explicit test_template(T t) : val(t) {}
|   template <typename U> T add(U u) { return static_cast<T>(u) + val; }
| };
| 
| } // anonymous namespace
| 
| 
| // Does the compiler advertise C++ 2011 conformance?
| #if !defined __cplusplus || __cplusplus < 201103L
| # error "Compiler does not advertise C++11 conformance"
| #endif
| 
| namespace cxx11test
| {
|   constexpr int get_val() { return 20; }
| 
|   struct testinit
|   {
|     int i;
|     double d;
|   };
| 
|   class delegate
|   {
|   public:
|     delegate(int n) : n(n) {}
|     delegate(): delegate(2354) {}
| 
|     virtual int getval() { return this->n; };
|   protected:
|     int n;
|   };
| 
|   class overridden : public delegate
|   {
|   public:
|     overridden(int n): delegate(n) {}
|     virtual int getval() override final { return this->n * 2; }
|   };
| 
|   class nocopy
|   {
|   public:
|     nocopy(int i): i(i) {}
|     nocopy() = default;
|     nocopy(const nocopy&) = delete;
|     nocopy & operator=(const nocopy&) = delete;
|   private:
|     int i;
|   };
| 
|   // for testing lambda expressions
|   template <typename Ret, typename Fn> Ret eval(Fn f, Ret v)
|   {
|     return f(v);
|   }
| 
|   // for testing variadic templates and trailing return types
|   template <typename V> auto sum(V first) -> V
|   {
|     return first;
|   }
|   template <typename V, typename... Args> auto sum(V first, Args... rest) -> V
|   {
|     return first + sum(rest...);
|   }
| }
| 
| 
| int
| main (int argc, char **argv)
| {
|   int ok = 0;
|   
|   assert (argc);
|   assert (! argv[0]);
| {
|   test_exception_syntax ();
|   test_template<double> tt (2.0);
|   assert (tt.add (4) == 6.0);
|   assert (true && !false);
| }
| 
|   
| {
|   // Test auto and decltype
|   auto a1 = 6538;
|   auto a2 = 48573953.4;
|   auto a3 = "String literal";
| 
|   int total = 0;
|   for (auto i = a3; *i; ++i) { total += *i; }
| 
|   decltype(a2) a4 = 34895.034;
| }
| {
|   // Test constexpr
|   short sa[cxx11test::get_val()] = { 0 };
| }
| {
|   // Test initializer lists
|   cxx11test::testinit il = { 4323, 435234.23544 };
| }
| {
|   // Test range-based for
|   int array[] = {9, 7, 13, 15, 4, 18, 12, 10, 5, 3,
|                  14, 19, 17, 8, 6, 20, 16, 2, 11, 1};
|   for (auto &x : array) { x += 23; }
| }
| {
|   // Test lambda expressions
|   using cxx11test::eval;
|   assert (eval ([](int x) { return x*2; }, 21) == 42);
|   double d = 2.0;
|   assert (eval ([&](double x) { return d += x; }, 3.0) == 5.0);
|   assert (d == 5.0);
|   assert (eval ([=](double x) mutable { return d += x; }, 4.0) == 9.0);
|   assert (d == 5.0);
| }
| {
|   // Test use of variadic templates
|   using cxx11test::sum;
|   auto a = sum(1);
|   auto b = sum(1, 2);
|   auto c = sum(1.0, 2.0, 3.0);
| }
| {
|   // Test constructor delegation
|   cxx11test::delegate d1;
|   cxx11test::delegate d2();
|   cxx11test::delegate d3(45);
| }
| {
|   // Test override and final
|   cxx11test::overridden o1(55464);
| }
| {
|   // Test nullptr
|   char *c = nullptr;
| }
| {
|   // Test template brackets
|   test_template<::test_template<int>> v(test_template<int>(12));
| }
| {
|   // Unicode literals
|   char const *utf8 = u8"UTF-8 string \u2500";
|   char16_t const *utf16 = u"UTF-8 string \u2500";
|   char32_t const *utf32 = U"UTF-32 string \u2500";
| }
| 
|   return ok;
| }
| 
configure:5510: g++ -std=gnu++11 -c -g -O2  conftest.cpp >&5
conftest.cpp:177:25: warning: empty parentheses interpreted as a function declaration [-Wvexing-parse]
  cxx11test::delegate d2();
                        ^~
conftest.cpp:177:25: note: remove parentheses to declare a variable
  cxx11test::delegate d2();
                        ^~
1 warning generated.
configure:5510: $? = 0
configure:5532: result: -std=gnu++11
configure:5600: checking dependency style of g++ -std=gnu++11
configure:5713: result: gcc3
configure:5760: checking build system type
configure:5776: result: aarch64-apple-darwin24.1.0
configure:5796: checking host system type
configure:5811: result: aarch64-apple-darwin24.1.0
configure:5852: checking how to print strings
configure:5879: result: printf
configure:5900: checking for a sed that does not truncate output
configure:5972: result: /usr/bin/sed
configure:5990: checking for grep that handles long lines and -e
configure:6056: result: /usr/bin/grep
configure:6061: checking for egrep
configure:6131: result: /usr/bin/grep -E
configure:6138: checking for fgrep
configure:6208: result: /usr/bin/grep -F
configure:6245: checking for ld used by gcc
configure:6314: result: /Applications/Xcode.app/Contents/Developer/Toolchains/XcodeDefault.xctoolchain/usr/bin/ld
configure:6321: checking if the linker (/Applications/Xcode.app/Contents/Developer/Toolchains/XcodeDefault.xctoolchain/usr/bin/ld) is GNU ld
configure:6338: result: no
configure:6350: checking for BSD- or MS-compatible name lister (nm)
configure:6406: result: /opt/local/bin/nm -B
configure:6548: checking the name lister (/opt/local/bin/nm -B) interface
configure:6556: gcc -c -g -O2  conftest.c >&5
configure:6559: /opt/local/bin/nm -B "conftest.o"
configure:6562: output
0000000000000268 S _some_variable
0000000000000000 t ltmp0
0000000000000268 s ltmp1
configure:6570: result: BSD nm
configure:6573: checking whether ln -s works
configure:6577: result: yes
configure:6585: checking the maximum length of command line arguments
configure:6718: result: 786432
configure:6766: checking how to convert aarch64-apple-darwin24.1.0 file names to aarch64-apple-darwin24.1.0 format
configure:6808: result: func_convert_file_noop
configure:6815: checking how to convert aarch64-apple-darwin24.1.0 file names to toolchain format
configure:6837: result: func_convert_file_noop
configure:6844: checking for /Applications/Xcode.app/Contents/Developer/Toolchains/XcodeDefault.xctoolchain/usr/bin/ld option to reload object files
configure:6853: result: -r
configure:6933: checking for file
configure:6954: found /usr/bin/file
configure:6966: result: file
configure:7043: checking for objdump
configure:7064: found /opt/local/bin/objdump
configure:7076: result: objdump
configure:7108: checking how to recognize dependent libraries
configure:7310: result: pass_all
configure:7401: checking for dlltool
configure:7437: result: no
configure:7467: checking how to associate runtime and link libraries
configure:7496: result: printf %s\n
configure:7563: checking for ar
configure:7584: found /Users/tonyoutlier/anaconda3/bin/ar
configure:7596: result: ar
configure:7649: checking for archiver @FILE support
configure:7667: gcc -c -g -O2  conftest.c >&5
configure:7667: $? = 0
configure:7671: ar cr libconftest.a @conftest.lst >&5
ar: @conftest.lst: No such file or directory
configure:7674: $? = 1
configure:7695: result: no
configure:7759: checking for strip
configure:7780: found /Users/tonyoutlier/anaconda3/bin/strip
configure:7792: result: strip
configure:7870: checking for ranlib
configure:7891: found /Users/tonyoutlier/anaconda3/bin/ranlib
configure:7903: result: ranlib
configure:8005: checking command to parse /opt/local/bin/nm -B output from gcc object
configure:8159: gcc -c -g -O2  conftest.c >&5
configure:8162: $? = 0
configure:8166: /opt/local/bin/nm -B conftest.o \| /usr/bin/sed -n -e 's/^.*[ ]\([ABCDGIRSTW][ABCDGIRSTW]*\)[ ][ ]*\([_A-Za-z][_A-Za-z0-9]*\)$/\1 \2 \2/p' | /usr/bin/sed '/ __gnu_lto/d' \> conftest.nm
configure:8169: $? = 0
cannot find nm_test_var in conftest.nm
configure:8159: gcc -c -g -O2  conftest.c >&5
configure:8162: $? = 0
configure:8166: /opt/local/bin/nm -B conftest.o \| /usr/bin/sed -n -e 's/^.*[ ]\([ABCDGIRSTW][ABCDGIRSTW]*\)[ ][ ]*_\([_A-Za-z][_A-Za-z0-9]*\)$/\1 _\2 \2/p' | /usr/bin/sed '/ __gnu_lto/d' \> conftest.nm
configure:8169: $? = 0
configure:8235: gcc -o conftest -g -O2   conftest.c conftstm.o >&5
configure:8238: $? = 0
configure:8277: result: ok
configure:8324: checking for sysroot
configure:8356: result: no
configure:8363: checking for a working dd
configure:8408: result: /bin/dd
configure:8412: checking how to truncate binary pipes
configure:8429: result: /bin/dd bs=4096 count=1
configure:8769: checking for mt
configure:8805: result: no
configure:8825: checking if : is a manifest tool
configure:8832: : '-?'
configure:8841: result: no
configure:8903: checking for dsymutil
configure:8924: found /usr/bin/dsymutil
configure:8936: result: dsymutil
configure:9007: checking for nmedit
configure:9028: found /Users/tonyoutlier/anaconda3/bin/nmedit
configure:9040: result: nmedit
configure:9111: checking for lipo
configure:9132: found /Users/tonyoutlier/anaconda3/bin/lipo
configure:9144: result: lipo
configure:9215: checking for otool
configure:9236: found /Users/tonyoutlier/anaconda3/bin/otool
configure:9248: result: otool
configure:9319: checking for otool64
configure:9355: result: no
configure:9400: checking for -single_module linker flag
gcc -g -O2  -o libconftest.dylib -dynamiclib -Wl,-single_module conftest.c
ld: warning: -single_module is obsolete
configure:9435: result: no
configure:9438: checking for -exported_symbols_list linker flag
configure:9459: gcc -o conftest -g -O2   -Wl,-exported_symbols_list,conftest.sym conftest.c  >&5
configure:9459: $? = 0
configure:9472: result: yes
configure:9475: checking for -force_load linker flag
gcc -g -O2 -c -o conftest.o conftest.c
ar cr libconftest.a conftest.o
ranlib libconftest.a
gcc -g -O2  -o conftest conftest.c -Wl,-force_load,./libconftest.a
configure:9509: result: yes
configure:9580: checking for stdio.h
configure:9580: gcc -c -g -O2  conftest.c >&5
configure:9580: $? = 0
configure:9580: result: yes
configure:9580: checking for stdlib.h
configure:9580: gcc -c -g -O2  conftest.c >&5
configure:9580: $? = 0
configure:9580: result: yes
configure:9580: checking for string.h
configure:9580: gcc -c -g -O2  conftest.c >&5
configure:9580: $? = 0
configure:9580: result: yes
configure:9580: checking for inttypes.h
configure:9580: gcc -c -g -O2  conftest.c >&5
configure:9580: $? = 0
configure:9580: result: yes
configure:9580: checking for stdint.h
configure:9580: gcc -c -g -O2  conftest.c >&5
configure:9580: $? = 0
configure:9580: result: yes
configure:9580: checking for strings.h
configure:9580: gcc -c -g -O2  conftest.c >&5
configure:9580: $? = 0
configure:9580: result: yes
configure:9580: checking for sys/stat.h
configure:9580: gcc -c -g -O2  conftest.c >&5
configure:9580: $? = 0
configure:9580: result: yes
configure:9580: checking for sys/types.h
configure:9580: gcc -c -g -O2  conftest.c >&5
configure:9580: $? = 0
configure:9580: result: yes
configure:9580: checking for unistd.h
configure:9580: gcc -c -g -O2  conftest.c >&5
configure:9580: $? = 0
configure:9580: result: yes
configure:9605: checking for dlfcn.h
configure:9605: gcc -c -g -O2  conftest.c >&5
configure:9605: $? = 0
configure:9605: result: yes
configure:9881: checking for objdir
configure:9898: result: .libs
configure:10164: checking if gcc supports -fno-rtti -fno-exceptions
configure:10183: gcc -c -g -O2  -fno-rtti -fno-exceptions conftest.c >&5
configure:10187: $? = 0
configure:10201: result: yes
configure:10559: checking for gcc option to produce PIC
configure:10568: result: -fno-common -DPIC
configure:10576: checking if gcc PIC flag -fno-common -DPIC works
configure:10595: gcc -c -g -O2  -fno-common -DPIC -DPIC conftest.c >&5
configure:10599: $? = 0
configure:10613: result: yes
configure:10642: checking if gcc static flag -static works
configure:10672: result: no
configure:10687: checking if gcc supports -c -o file.o
configure:10709: gcc -c -g -O2  -o out/conftest2.o conftest.c >&5
configure:10713: $? = 0
configure:10736: result: yes
configure:10744: checking if gcc supports -c -o file.o
configure:10793: result: yes
configure:10826: checking whether the gcc linker (/Applications/Xcode.app/Contents/Developer/Toolchains/XcodeDefault.xctoolchain/usr/bin/ld) supports shared libraries
configure:12099: result: yes
configure:12341: checking dynamic linker characteristics
configure:13163: result: darwin24.1.0 dyld
configure:13285: checking how to hardcode library paths into programs
configure:13310: result: immediate
configure:13910: checking whether stripping libraries is possible
configure:13927: result: yes
configure:13961: checking if libtool supports shared libraries
configure:13963: result: yes
configure:13966: checking whether to build shared libraries
configure:13991: result: yes
configure:13994: checking whether to build static libraries
configure:13998: result: yes
configure:14021: checking how to run the C++ preprocessor
configure:14043: g++ -std=gnu++11 -E  conftest.cpp
configure:14043: $? = 0
configure:14059: g++ -std=gnu++11 -E  conftest.cpp
conftest.cpp:23:10: fatal error: 'ac_nonexistent.h' file not found
#include <ac_nonexistent.h>
         ^~~~~~~~~~~~~~~~~~
1 error generated.
configure:14059: $? = 1
configure: failed program was:
| /* confdefs.h */
| #define PACKAGE_NAME "jansson"
| #define PACKAGE_TARNAME "jansson"
| #define PACKAGE_VERSION "2.14"
| #define PACKAGE_STRING "jansson 2.14"
| #define PACKAGE_BUGREPORT "https://github.com/akheron/jansson/issues"
| #define PACKAGE_URL ""
| #define PACKAGE "jansson"
| #define VERSION "2.14"
| #define HAVE_STDIO_H 1
| #define HAVE_STDLIB_H 1
| #define HAVE_STRING_H 1
| #define HAVE_INTTYPES_H 1
| #define HAVE_STDINT_H 1
| #define HAVE_STRINGS_H 1
| #define HAVE_SYS_STAT_H 1
| #define HAVE_SYS_TYPES_H 1
| #define HAVE_UNISTD_H 1
| #define STDC_HEADERS 1
| #define HAVE_DLFCN_H 1
| #define LT_OBJDIR ".libs/"
| /* end confdefs.h.  */
| #include <ac_nonexistent.h>
configure:14088: result: g++ -std=gnu++11 -E
configure:14102: g++ -std=gnu++11 -E  conftest.cpp
configure:14102: $? = 0
configure:14118: g++ -std=gnu++11 -E  conftest.cpp
conftest.cpp:23:10: fatal error: 'ac_nonexistent.h' file not found
#include <ac_nonexistent.h>
         ^~~~~~~~~~~~~~~~~~
1 error generated.
configure:14118: $? = 1
configure: failed program was:
| /* confdefs.h */
| #define PACKAGE_NAME "jansson"
| #define PACKAGE_TARNAME "jansson"
| #define PACKAGE_VERSION "2.14"
| #define PACKAGE_STRING "jansson 2.14"
| #define PACKAGE_BUGREPORT "https://github.com/akheron/jansson/issues"
| #define PACKAGE_URL ""
| #define PACKAGE "jansson"
| #define VERSION "2.14"
| #define HAVE_STDIO_H 1
| #define HAVE_STDLIB_H 1
| #define HAVE_STRING_H 1
| #define HAVE_INTTYPES_H 1
| #define HAVE_STDINT_H 1
| #define HAVE_STRINGS_H 1
| #define HAVE_SYS_STAT_H 1
| #define HAVE_SYS_TYPES_H 1
| #define HAVE_UNISTD_H 1
| #define STDC_HEADERS 1
| #define HAVE_DLFCN_H 1
| #define LT_OBJDIR ".libs/"
| /* end confdefs.h.  */
| #include <ac_nonexistent.h>
configure:14286: checking for ld used by g++ -std=gnu++11
configure:14355: result: /Applications/Xcode.app/Contents/Developer/Toolchains/XcodeDefault.xctoolchain/usr/bin/ld
configure:14362: checking if the linker (/Applications/Xcode.app/Contents/Developer/Toolchains/XcodeDefault.xctoolchain/usr/bin/ld) is GNU ld
configure:14379: result: no
configure:14434: checking whether the g++ -std=gnu++11 linker (/Applications/Xcode.app/Contents/Developer/Toolchains/XcodeDefault.xctoolchain/usr/bin/ld) supports shared libraries
configure:15514: result: yes
configure:15550: g++ -std=gnu++11 -c -g -O2  conftest.cpp >&5
configure:15553: $? = 0
configure:16034: checking for g++ -std=gnu++11 option to produce PIC
configure:16043: result: -fno-common -DPIC
configure:16051: checking if g++ -std=gnu++11 PIC flag -fno-common -DPIC works
configure:16070: g++ -std=gnu++11 -c -g -O2  -fno-common -DPIC -DPIC conftest.cpp >&5
configure:16074: $? = 0
configure:16088: result: yes
configure:16111: checking if g++ -std=gnu++11 static flag -static works
configure:16141: result: no
configure:16153: checking if g++ -std=gnu++11 supports -c -o file.o
configure:16175: g++ -std=gnu++11 -c -g -O2  -o out/conftest2.o conftest.cpp >&5
configure:16179: $? = 0
configure:16202: result: yes
configure:16207: checking if g++ -std=gnu++11 supports -c -o file.o
configure:16256: result: yes
configure:16286: checking whether the g++ -std=gnu++11 linker (/Applications/Xcode.app/Contents/Developer/Toolchains/XcodeDefault.xctoolchain/usr/bin/ld) supports shared libraries
configure:16326: result: yes
configure:16469: checking dynamic linker characteristics
configure:17218: result: darwin24.1.0 dyld
configure:17283: checking how to hardcode library paths into programs
configure:17308: result: immediate
configure:17381: checking for endian.h
configure:17381: gcc -c -g -O2  conftest.c >&5
conftest.c:51:10: fatal error: 'endian.h' file not found
#include <endian.h>
         ^~~~~~~~~~
1 error generated.
configure:17381: $? = 1
configure: failed program was:
| /* confdefs.h */
| #define PACKAGE_NAME "jansson"
| #define PACKAGE_TARNAME "jansson"
| #define PACKAGE_VERSION "2.14"
| #define PACKAGE_STRING "jansson 2.14"
| #define PACKAGE_BUGREPORT "https://github.com/akheron/jansson/issues"
| #define PACKAGE_URL ""
| #define PACKAGE "jansson"
| #define VERSION "2.14"
| #define HAVE_STDIO_H 1
| #define HAVE_STDLIB_H 1
| #define HAVE_STRING_H 1
| #define HAVE_INTTYPES_H 1
| #define HAVE_STDINT_H 1
| #define HAVE_STRINGS_H 1
| #define HAVE_SYS_STAT_H 1
| #define HAVE_SYS_TYPES_H 1
| #define HAVE_UNISTD_H 1
| #define STDC_HEADERS 1
| #define HAVE_DLFCN_H 1
| #define LT_OBJDIR ".libs/"
| /* end confdefs.h.  */
| #include <stddef.h>
| #ifdef HAVE_STDIO_H
| # include <stdio.h>
| #endif
| #ifdef HAVE_STDLIB_H
| # include <stdlib.h>
| #endif
| #ifdef HAVE_STRING_H
| # include <string.h>
| #endif
| #ifdef HAVE_INTTYPES_H
| # include <inttypes.h>
| #endif
| #ifdef HAVE_STDINT_H
| # include <stdint.h>
| #endif
| #ifdef HAVE_STRINGS_H
| # include <strings.h>
| #endif
| #ifdef HAVE_SYS_TYPES_H
| # include <sys/types.h>
| #endif
| #ifdef HAVE_SYS_STAT_H
| # include <sys/stat.h>
| #endif
| #ifdef HAVE_UNISTD_H
| # include <unistd.h>
| #endif
| #include <endian.h>
configure:17381: result: no
configure:17387: checking for fcntl.h
configure:17387: gcc -c -g -O2  conftest.c >&5
configure:17387: $? = 0
configure:17387: result: yes
configure:17393: checking for locale.h
configure:17393: gcc -c -g -O2  conftest.c >&5
configure:17393: $? = 0
configure:17393: result: yes
configure:17399: checking for sched.h
configure:17399: gcc -c -g -O2  conftest.c >&5
configure:17399: $? = 0
configure:17399: result: yes
configure:17405: checking for unistd.h
configure:17405: result: yes
configure:17411: checking for sys/param.h
configure:17411: gcc -c -g -O2  conftest.c >&5
configure:17411: $? = 0
configure:17411: result: yes
configure:17417: checking for sys/stat.h
configure:17417: result: yes
configure:17423: checking for sys/time.h
configure:17423: gcc -c -g -O2  conftest.c >&5
configure:17423: $? = 0
configure:17423: result: yes
configure:17429: checking for sys/types.h
configure:17429: result: yes
configure:17438: checking for int32_t
configure:17438: gcc -c -g -O2  conftest.c >&5
configure:17438: $? = 0
configure:17438: gcc -c -g -O2  conftest.c >&5
conftest.c:64:53: warning: overflow in expression; result is -2147483648 with type 'int' [-Winteger-overflow]
                 < (int32_t) (((((int32_t) 1 << N) << N) - 1) * 2 + 2))];
                                                                  ^
conftest.c:63:24: error: 'test_array' declared as an array with a negative size
static int test_array [1 - 2 * !((int32_t) (((((int32_t) 1 << N) << N) - 1) * 2 + 1)
                       ^~~~~~~~~~~~~~~~~~~~~~~~~~~~~~~~~~~~~~~~~~~~~~~~~~~~~~~~~~~~~
1 warning and 1 error generated.
configure:17438: $? = 1
configure: failed program was:
| /* confdefs.h */
| #define PACKAGE_NAME "jansson"
| #define PACKAGE_TARNAME "jansson"
| #define PACKAGE_VERSION "2.14"
| #define PACKAGE_STRING "jansson 2.14"
| #define PACKAGE_BUGREPORT "https://github.com/akheron/jansson/issues"
| #define PACKAGE_URL ""
| #define PACKAGE "jansson"
| #define VERSION "2.14"
| #define HAVE_STDIO_H 1
| #define HAVE_STDLIB_H 1
| #define HAVE_STRING_H 1
| #define HAVE_INTTYPES_H 1
| #define HAVE_STDINT_H 1
| #define HAVE_STRINGS_H 1
| #define HAVE_SYS_STAT_H 1
| #define HAVE_SYS_TYPES_H 1
| #define HAVE_UNISTD_H 1
| #define STDC_HEADERS 1
| #define HAVE_DLFCN_H 1
| #define LT_OBJDIR ".libs/"
| #define HAVE_FCNTL_H 1
| #define HAVE_LOCALE_H 1
| #define HAVE_SCHED_H 1
| #define HAVE_UNISTD_H 1
| #define HAVE_SYS_PARAM_H 1
| #define HAVE_SYS_STAT_H 1
| #define HAVE_SYS_TIME_H 1
| #define HAVE_SYS_TYPES_H 1
| /* end confdefs.h.  */
| #include <stddef.h>
| #ifdef HAVE_STDIO_H
| # include <stdio.h>
| #endif
| #ifdef HAVE_STDLIB_H
| # include <stdlib.h>
| #endif
| #ifdef HAVE_STRING_H
| # include <string.h>
| #endif
| #ifdef HAVE_INTTYPES_H
| # include <inttypes.h>
| #endif
| #ifdef HAVE_STDINT_H
| # include <stdint.h>
| #endif
| #ifdef HAVE_STRINGS_H
| # include <strings.h>
| #endif
| #ifdef HAVE_SYS_TYPES_H
| # include <sys/types.h>
| #endif
| #ifdef HAVE_SYS_STAT_H
| # include <sys/stat.h>
| #endif
| #ifdef HAVE_UNISTD_H
| # include <unistd.h>
| #endif
| 	        enum { N = 32 / 2 - 1 };
| int
| main (void)
| {
| static int test_array [1 - 2 * !((int32_t) (((((int32_t) 1 << N) << N) - 1) * 2 + 1)
| 		 < (int32_t) (((((int32_t) 1 << N) << N) - 1) * 2 + 2))];
| test_array [0] = 0;
| return test_array [0];
| 
|   ;
|   return 0;
| }
configure:17438: result: yes
configure:17447: checking for uint32_t
configure:17447: gcc -c -g -O2  conftest.c >&5
configure:17447: $? = 0
configure:17447: result: yes
configure:17459: checking for uint16_t
configure:17459: gcc -c -g -O2  conftest.c >&5
configure:17459: $? = 0
configure:17459: result: yes
configure:17469: checking for uint8_t
configure:17469: gcc -c -g -O2  conftest.c >&5
configure:17469: $? = 0
configure:17469: result: yes
configure:17482: checking for unsigned long long int
configure:17524: gcc -o conftest -g -O2   conftest.c  >&5
configure:17524: $? = 0
configure:17536: result: yes
configure:17546: checking for long long int
configure:17588: gcc -o conftest -g -O2   conftest.c  >&5
configure:17588: $? = 0
configure:17588: ./conftest
configure:17588: $? = 0
configure:17604: result: yes
configure:17613: checking for inline
configure:17630: gcc -c -g -O2  conftest.c >&5
configure:17630: $? = 0
configure:17640: result: inline
configure:17666: checking for close
configure:17666: gcc -o conftest -g -O2   conftest.c  >&5
configure:17666: $? = 0
configure:17666: result: yes
configure:17672: checking for getpid
configure:17672: gcc -o conftest -g -O2   conftest.c  >&5
configure:17672: $? = 0
configure:17672: result: yes
configure:17678: checking for gettimeofday
configure:17678: gcc -o conftest -g -O2   conftest.c  >&5
configure:17678: $? = 0
configure:17678: result: yes
configure:17684: checking for localeconv
configure:17684: gcc -o conftest -g -O2   conftest.c  >&5
configure:17684: $? = 0
configure:17684: result: yes
configure:17690: checking for open
configure:17690: gcc -o conftest -g -O2   conftest.c  >&5
configure:17690: $? = 0
configure:17690: result: yes
configure:17696: checking for read
configure:17696: gcc -o conftest -g -O2   conftest.c  >&5
configure:17696: $? = 0
configure:17696: result: yes
configure:17702: checking for sched_yield
configure:17702: gcc -o conftest -g -O2   conftest.c  >&5
configure:17702: $? = 0
configure:17702: result: yes
configure:17708: checking for strtoll
configure:17708: gcc -o conftest -g -O2   conftest.c  >&5
conftest.c:56:6: warning: incompatible redeclaration of library function 'strtoll' [-Wincompatible-library-redeclaration]
char strtoll (void);
     ^
conftest.c:56:6: note: 'strtoll' is a builtin with type 'long long (const char *, char **, int)'
1 warning generated.
configure:17708: $? = 0
configure:17708: result: yes
configure:17716: checking for gcc __sync builtins
configure:17730: gcc -o conftest -g -O2   conftest.c  >&5
configure:17730: $? = 0
configure:17745: result: yes
configure:17748: checking for gcc __atomic builtins
configure:17762: gcc -o conftest -g -O2   conftest.c  >&5
configure:17762: $? = 0
configure:17777: result: yes
configure:17849: checking for -Bsymbolic-functions linker flag
configure:17864: gcc -o conftest -g -O2  -Wl,-Bsymbolic-functions conftest.c  >&5
conftest.c:50:17: error: function definition is not allowed here
int main (void) { return 0; }
                ^
1 error generated.
configure:17864: $? = 1
configure: failed program was:
| /* confdefs.h */
| #define PACKAGE_NAME "jansson"
| #define PACKAGE_TARNAME "jansson"
| #define PACKAGE_VERSION "2.14"
| #define PACKAGE_STRING "jansson 2.14"
| #define PACKAGE_BUGREPORT "https://github.com/akheron/jansson/issues"
| #define PACKAGE_URL ""
| #define PACKAGE "jansson"
| #define VERSION "2.14"
| #define HAVE_STDIO_H 1
| #define HAVE_STDLIB_H 1
| #define HAVE_STRING_H 1
| #define HAVE_INTTYPES_H 1
| #define HAVE_STDINT_H 1
| #define HAVE_STRINGS_H 1
| #define HAVE_SYS_STAT_H 1
| #define HAVE_SYS_TYPES_H 1
| #define HAVE_UNISTD_H 1
| #define STDC_HEADERS 1
| #define HAVE_DLFCN_H 1
| #define LT_OBJDIR ".libs/"
| #define HAVE_FCNTL_H 1
| #define HAVE_LOCALE_H 1
| #define HAVE_SCHED_H 1
| #define HAVE_UNISTD_H 1
| #define HAVE_SYS_PARAM_H 1
| #define HAVE_SYS_STAT_H 1
| #define HAVE_SYS_TIME_H 1
| #define HAVE_SYS_TYPES_H 1
| #define HAVE_UNSIGNED_LONG_LONG_INT 1
| #define HAVE_LONG_LONG_INT 1
| #define HAVE_CLOSE 1
| #define HAVE_GETPID 1
| #define HAVE_GETTIMEOFDAY 1
| #define HAVE_LOCALECONV 1
| #define HAVE_OPEN 1
| #define HAVE_READ 1
| #define HAVE_SCHED_YIELD 1
| #define HAVE_STRTOLL 1
| #define HAVE_SYNC_BUILTINS 1
| #define HAVE_ATOMIC_BUILTINS 1
| #define USE_URANDOM 1
| #define USE_WINDOWS_CRYPTOAPI 1
| #define INITIAL_HASHTABLE_ORDER 3
| /* end confdefs.h.  */
| 
| int
| main (void)
| {
| int main (void) { return 0; }
|   ;
|   return 0;
| }
configure:17870: result: no
configure:17896: checking for gcc options needed to detect all undeclared functions
configure:17918: gcc -c -g -O2   conftest.c >&5
conftest.c:50:8: error: call to undeclared library function 'strchr' with type 'char *(const char *, int)'; ISO C99 and later do not support implicit function declarations [-Wimplicit-function-declaration]
(void) strchr;
       ^
conftest.c:50:8: note: include the header <string.h> or explicitly provide a declaration for 'strchr'
1 error generated.
configure:17918: $? = 1
configure: failed program was:
| /* confdefs.h */
| #define PACKAGE_NAME "jansson"
| #define PACKAGE_TARNAME "jansson"
| #define PACKAGE_VERSION "2.14"
| #define PACKAGE_STRING "jansson 2.14"
| #define PACKAGE_BUGREPORT "https://github.com/akheron/jansson/issues"
| #define PACKAGE_URL ""
| #define PACKAGE "jansson"
| #define VERSION "2.14"
| #define HAVE_STDIO_H 1
| #define HAVE_STDLIB_H 1
| #define HAVE_STRING_H 1
| #define HAVE_INTTYPES_H 1
| #define HAVE_STDINT_H 1
| #define HAVE_STRINGS_H 1
| #define HAVE_SYS_STAT_H 1
| #define HAVE_SYS_TYPES_H 1
| #define HAVE_UNISTD_H 1
| #define STDC_HEADERS 1
| #define HAVE_DLFCN_H 1
| #define LT_OBJDIR ".libs/"
| #define HAVE_FCNTL_H 1
| #define HAVE_LOCALE_H 1
| #define HAVE_SCHED_H 1
| #define HAVE_UNISTD_H 1
| #define HAVE_SYS_PARAM_H 1
| #define HAVE_SYS_STAT_H 1
| #define HAVE_SYS_TIME_H 1
| #define HAVE_SYS_TYPES_H 1
| #define HAVE_UNSIGNED_LONG_LONG_INT 1
| #define HAVE_LONG_LONG_INT 1
| #define HAVE_CLOSE 1
| #define HAVE_GETPID 1
| #define HAVE_GETTIMEOFDAY 1
| #define HAVE_LOCALECONV 1
| #define HAVE_OPEN 1
| #define HAVE_READ 1
| #define HAVE_SCHED_YIELD 1
| #define HAVE_STRTOLL 1
| #define HAVE_SYNC_BUILTINS 1
| #define HAVE_ATOMIC_BUILTINS 1
| #define USE_URANDOM 1
| #define USE_WINDOWS_CRYPTOAPI 1
| #define INITIAL_HASHTABLE_ORDER 3
| /* end confdefs.h.  */
| 
| int
| main (void)
| {
| (void) strchr;
|   ;
|   return 0;
| }
configure:17945: gcc -c -g -O2   conftest.c >&5
configure:17945: $? = 0
configure:17965: result: none needed
configure:17979: checking whether __GLIBC__ is declared
configure:17979: gcc -c -g -O2   conftest.c >&5
conftest.c:81:10: error: use of undeclared identifier '__GLIBC__'
  (void) __GLIBC__;
         ^
1 error generated.
configure:17979: $? = 1
configure: failed program was:
| /* confdefs.h */
| #define PACKAGE_NAME "jansson"
| #define PACKAGE_TARNAME "jansson"
| #define PACKAGE_VERSION "2.14"
| #define PACKAGE_STRING "jansson 2.14"
| #define PACKAGE_BUGREPORT "https://github.com/akheron/jansson/issues"
| #define PACKAGE_URL ""
| #define PACKAGE "jansson"
| #define VERSION "2.14"
| #define HAVE_STDIO_H 1
| #define HAVE_STDLIB_H 1
| #define HAVE_STRING_H 1
| #define HAVE_INTTYPES_H 1
| #define HAVE_STDINT_H 1
| #define HAVE_STRINGS_H 1
| #define HAVE_SYS_STAT_H 1
| #define HAVE_SYS_TYPES_H 1
| #define HAVE_UNISTD_H 1
| #define STDC_HEADERS 1
| #define HAVE_DLFCN_H 1
| #define LT_OBJDIR ".libs/"
| #define HAVE_FCNTL_H 1
| #define HAVE_LOCALE_H 1
| #define HAVE_SCHED_H 1
| #define HAVE_UNISTD_H 1
| #define HAVE_SYS_PARAM_H 1
| #define HAVE_SYS_STAT_H 1
| #define HAVE_SYS_TIME_H 1
| #define HAVE_SYS_TYPES_H 1
| #define HAVE_UNSIGNED_LONG_LONG_INT 1
| #define HAVE_LONG_LONG_INT 1
| #define HAVE_CLOSE 1
| #define HAVE_GETPID 1
| #define HAVE_GETTIMEOFDAY 1
| #define HAVE_LOCALECONV 1
| #define HAVE_OPEN 1
| #define HAVE_READ 1
| #define HAVE_SCHED_YIELD 1
| #define HAVE_STRTOLL 1
| #define HAVE_SYNC_BUILTINS 1
| #define HAVE_ATOMIC_BUILTINS 1
| #define USE_URANDOM 1
| #define USE_WINDOWS_CRYPTOAPI 1
| #define INITIAL_HASHTABLE_ORDER 3
| /* end confdefs.h.  */
| #include <stddef.h>
| #ifdef HAVE_STDIO_H
| # include <stdio.h>
| #endif
| #ifdef HAVE_STDLIB_H
| # include <stdlib.h>
| #endif
| #ifdef HAVE_STRING_H
| # include <string.h>
| #endif
| #ifdef HAVE_INTTYPES_H
| # include <inttypes.h>
| #endif
| #ifdef HAVE_STDINT_H
| # include <stdint.h>
| #endif
| #ifdef HAVE_STRINGS_H
| # include <strings.h>
| #endif
| #ifdef HAVE_SYS_TYPES_H
| # include <sys/types.h>
| #endif
| #ifdef HAVE_SYS_STAT_H
| # include <sys/stat.h>
| #endif
| #ifdef HAVE_UNISTD_H
| # include <unistd.h>
| #endif
| int
| main (void)
| {
| #ifndef __GLIBC__
| #ifdef __cplusplus
|   (void) __GLIBC__;
| #else
|   (void) __GLIBC__;
| #endif
| #endif
| 
|   ;
|   return 0;
| }
configure:17979: result: no
configure:18025: checking for -Wno-format-truncation
configure:18033: result: no
configure:18154: checking that generated files are newer than configure
configure:18160: result: done
configure:18215: creating ./config.status

## ---------------------- ##
## Running config.status. ##
## ---------------------- ##

This file was extended by jansson config.status 2.14, which was
generated by GNU Autoconf 2.72.  Invocation command line was

  CONFIG_FILES    = 
  CONFIG_HEADERS  = 
  CONFIG_LINKS    = 
  CONFIG_COMMANDS = 
  $ ./config.status 

on MacBook-Pro-M1-Max.local

config.status:1191: creating jansson.pc
config.status:1191: creating Makefile
config.status:1191: creating doc/Makefile
config.status:1191: creating src/Makefile
config.status:1191: creating src/jansson_config.h
config.status:1191: creating jansson_private_config.h
config.status:1420: executing depfiles commands
config.status:1497: cd src       && sed -e '/# am--include-marker/d' Makefile         | make -f - am--depfiles
config.status:1502: $? = 0
config.status:1420: executing libtool commands

## ---------------- ##
## Cache variables. ##
## ---------------- ##

ac_cv_build=aarch64-apple-darwin24.1.0
ac_cv_c_compiler_gnu=yes
ac_cv_c_inline=inline
ac_cv_c_int32_t=yes
ac_cv_c_uint16_t=yes
ac_cv_c_uint32_t=yes
ac_cv_c_uint8_t=yes
ac_cv_c_undeclared_builtin_options='none needed'
ac_cv_cxx_compiler_gnu=yes
ac_cv_env_CCC_set=
ac_cv_env_CCC_value=
ac_cv_env_CC_set=
ac_cv_env_CC_value=
ac_cv_env_CFLAGS_set=
ac_cv_env_CFLAGS_value=
ac_cv_env_CPPFLAGS_set=
ac_cv_env_CPPFLAGS_value=
ac_cv_env_CXXCPP_set=
ac_cv_env_CXXCPP_value=
ac_cv_env_CXXFLAGS_set=
ac_cv_env_CXXFLAGS_value=
ac_cv_env_CXX_set=
ac_cv_env_CXX_value=
ac_cv_env_LDFLAGS_set=
ac_cv_env_LDFLAGS_value=
ac_cv_env_LIBS_set=
ac_cv_env_LIBS_value=
ac_cv_env_LT_SYS_LIBRARY_PATH_set=
ac_cv_env_LT_SYS_LIBRARY_PATH_value=
ac_cv_env_build_alias_set=
ac_cv_env_build_alias_value=
ac_cv_env_host_alias_set=
ac_cv_env_host_alias_value=
ac_cv_env_target_alias_set=
ac_cv_env_target_alias_value=
ac_cv_func_close=yes
ac_cv_func_getpid=yes
ac_cv_func_gettimeofday=yes
ac_cv_func_localeconv=yes
ac_cv_func_open=yes
ac_cv_func_read=yes
ac_cv_func_sched_yield=yes
ac_cv_func_strtoll=yes
ac_cv_have_decl___GLIBC__=no
ac_cv_header_dlfcn_h=yes
ac_cv_header_endian_h=no
ac_cv_header_fcntl_h=yes
ac_cv_header_inttypes_h=yes
ac_cv_header_locale_h=yes
ac_cv_header_sched_h=yes
ac_cv_header_stdint_h=yes
ac_cv_header_stdio_h=yes
ac_cv_header_stdlib_h=yes
ac_cv_header_string_h=yes
ac_cv_header_strings_h=yes
ac_cv_header_sys_param_h=yes
ac_cv_header_sys_stat_h=yes
ac_cv_header_sys_time_h=yes
ac_cv_header_sys_types_h=yes
ac_cv_header_unistd_h=yes
ac_cv_host=aarch64-apple-darwin24.1.0
ac_cv_objext=o
ac_cv_path_EGREP='/usr/bin/grep -E'
ac_cv_path_EGREP_TRADITIONAL='/usr/bin/grep -E'
ac_cv_path_FGREP='/usr/bin/grep -F'
ac_cv_path_GREP=/usr/bin/grep
ac_cv_path_SED=/usr/bin/sed
ac_cv_path_install='/usr/bin/install -c'
ac_cv_path_lt_DD=/bin/dd
ac_cv_prog_AWK=awk
ac_cv_prog_CXXCPP='g++ -std=gnu++11 -E'
ac_cv_prog_ac_ct_AR=ar
ac_cv_prog_ac_ct_CC=gcc
ac_cv_prog_ac_ct_CXX=g++
ac_cv_prog_ac_ct_DSYMUTIL=dsymutil
ac_cv_prog_ac_ct_FILECMD=file
ac_cv_prog_ac_ct_LIPO=lipo
ac_cv_prog_ac_ct_NMEDIT=nmedit
ac_cv_prog_ac_ct_OBJDUMP=objdump
ac_cv_prog_ac_ct_OTOOL=otool
ac_cv_prog_ac_ct_RANLIB=ranlib
ac_cv_prog_ac_ct_STRIP=strip
ac_cv_prog_cc_c11=
ac_cv_prog_cc_g=yes
ac_cv_prog_cc_stdc=
ac_cv_prog_cxx_cxx11=-std=gnu++11
ac_cv_prog_cxx_g=yes
ac_cv_prog_cxx_stdcxx=-std=gnu++11
ac_cv_prog_make_make_set=yes
ac_cv_type_long_long_int=yes
ac_cv_type_unsigned_long_long_int=yes
am_cv_CC_dependencies_compiler_type=gcc3
am_cv_CXX_dependencies_compiler_type=gcc3
am_cv_filesystem_timestamp_resolution=2
am_cv_make_support_nested_variables=yes
am_cv_prog_cc_c_o=yes
am_cv_sleep_fractional_seconds=yes
am_cv_xargs_n_works=yes
lt_cv_apple_cc_single_mod=no
lt_cv_ar_at_file=no
lt_cv_deplibs_check_method=pass_all
lt_cv_file_magic_cmd='$MAGIC_CMD'
lt_cv_file_magic_test_file=
lt_cv_ld_exported_symbols_list=yes
lt_cv_ld_force_load=yes
lt_cv_ld_reload_flag=-r
lt_cv_nm_interface='BSD nm'
lt_cv_objdir=.libs
lt_cv_path_LD=/Applications/Xcode.app/Contents/Developer/Toolchains/XcodeDefault.xctoolchain/usr/bin/ld
lt_cv_path_LDCXX=/Applications/Xcode.app/Contents/Developer/Toolchains/XcodeDefault.xctoolchain/usr/bin/ld
lt_cv_path_NM='/opt/local/bin/nm -B'
lt_cv_path_mainfest_tool=no
lt_cv_prog_compiler_c_o=yes
lt_cv_prog_compiler_c_o_CXX=yes
lt_cv_prog_compiler_pic='-fno-common -DPIC'
lt_cv_prog_compiler_pic_CXX='-fno-common -DPIC'
lt_cv_prog_compiler_pic_works=yes
lt_cv_prog_compiler_pic_works_CXX=yes
lt_cv_prog_compiler_rtti_exceptions=yes
lt_cv_prog_compiler_static_works=no
lt_cv_prog_compiler_static_works_CXX=no
lt_cv_prog_gnu_ld=no
lt_cv_prog_gnu_ldcxx=no
lt_cv_sharedlib_from_linklib_cmd='printf %s\n'
lt_cv_sys_global_symbol_pipe='/usr/bin/sed -n -e '\''s/^.*[	 ]\([ABCDGIRSTW][ABCDGIRSTW]*\)[	 ][	 ]*_\([_A-Za-z][_A-Za-z0-9]*\)$/\1 _\2 \2/p'\'' | /usr/bin/sed '\''/ __gnu_lto/d'\'''
lt_cv_sys_global_symbol_to_c_name_address='/usr/bin/sed -n -e '\''s/^: \(.*\) .*$/  {"\1", (void *) 0},/p'\'' -e '\''s/^[ABCDGIRSTW][ABCDGIRSTW]* .* \(.*\)$/  {"\1", (void *) \&\1},/p'\'''
lt_cv_sys_global_symbol_to_c_name_address_lib_prefix='/usr/bin/sed -n -e '\''s/^: \(.*\) .*$/  {"\1", (void *) 0},/p'\'' -e '\''s/^[ABCDGIRSTW][ABCDGIRSTW]* .* \(lib.*\)$/  {"\1", (void *) \&\1},/p'\'' -e '\''s/^[ABCDGIRSTW][ABCDGIRSTW]* .* \(.*\)$/  {"lib\1", (void *) \&\1},/p'\'''
lt_cv_sys_global_symbol_to_cdecl='/usr/bin/sed -n -e '\''s/^T .* \(.*\)$/extern int \1();/p'\'' -e '\''s/^[ABCDGIRSTW][ABCDGIRSTW]* .* \(.*\)$/extern char \1;/p'\'''
lt_cv_sys_global_symbol_to_import=
lt_cv_sys_max_cmd_len=786432
lt_cv_to_host_file_cmd=func_convert_file_noop
lt_cv_to_tool_file_cmd=func_convert_file_noop
lt_cv_truncate_bin='/bin/dd bs=4096 count=1'

## ----------------- ##
## Output variables. ##
## ----------------- ##

ACLOCAL='${SHELL} '\''/Users/tonyoutlier/bitbucket.org/ckolivas/ckpool/src/jansson-2.14/missing'\'' aclocal-1.17'
AMDEPBACKSLASH='\'
AMDEP_FALSE='#'
AMDEP_TRUE=''
AMTAR='$${TAR-tar}'
AM_BACKSLASH='\'
AM_CFLAGS='-Wall -Wextra -Wdeclaration-after-statement -Wshadow '
AM_DEFAULT_V='$(AM_DEFAULT_VERBOSITY)'
AM_DEFAULT_VERBOSITY='1'
AM_V='$(V)'
AR='ar'
AUTOCONF='${SHELL} '\''/Users/tonyoutlier/bitbucket.org/ckolivas/ckpool/src/jansson-2.14/missing'\'' autoconf'
AUTOHEADER='${SHELL} '\''/Users/tonyoutlier/bitbucket.org/ckolivas/ckpool/src/jansson-2.14/missing'\'' autoheader'
AUTOMAKE='${SHELL} '\''/Users/tonyoutlier/bitbucket.org/ckolivas/ckpool/src/jansson-2.14/missing'\'' automake-1.17'
AWK='awk'
CC='gcc'
CCDEPMODE='depmode=gcc3'
CFLAGS='-g -O2'
CPPFLAGS=''
CSCOPE='cscope'
CTAGS='ctags'
CXX='g++ -std=gnu++11'
CXXCPP='g++ -std=gnu++11 -E'
CXXDEPMODE='depmode=gcc3'
CXXFLAGS='-g -O2'
CYGPATH_W='echo'
DEFS='-DHAVE_CONFIG_H'
DEPDIR='.deps'
DLLTOOL='false'
DSYMUTIL='dsymutil'
DUMPBIN=''
ECHO_C='\c'
ECHO_N=''
ECHO_T=''
EGREP='/usr/bin/grep -E'
ETAGS='etags'
EXEEXT=''
FGREP='/usr/bin/grep -F'
FILECMD='file'
GCC_FALSE='#'
GCC_TRUE=''
GREP='/usr/bin/grep'
INSTALL_DATA='${INSTALL} -m 644'
INSTALL_PROGRAM='${INSTALL}'
INSTALL_SCRIPT='${INSTALL}'
INSTALL_STRIP_PROGRAM='$(install_sh) -c -s'
JSON_BSYMBOLIC_LDFLAGS=''
JSON_SYMVER_LDFLAGS=''
LD='/Applications/Xcode.app/Contents/Developer/Toolchains/XcodeDefault.xctoolchain/usr/bin/ld'
LDFLAGS=''
LIBOBJS=''
LIBS=''
LIBTOOL='$(SHELL) $(top_builddir)/libtool'
LIB_FUZZING_ENGINE=''
LIPO='lipo'
LN_S='ln -s'
LTLIBOBJS=''
LT_SYS_LIBRARY_PATH=''
MAKEINFO='${SHELL} '\''/Users/tonyoutlier/bitbucket.org/ckolivas/ckpool/src/jansson-2.14/missing'\'' makeinfo'
MANIFEST_TOOL=':'
MKDIR_P='mkdir -p'
NM='/opt/local/bin/nm -B'
NMEDIT='nmedit'
OBJDUMP='objdump'
OBJEXT='o'
OTOOL64=':'
OTOOL='otool'
PACKAGE='jansson'
PACKAGE_BUGREPORT='https://github.com/akheron/jansson/issues'
PACKAGE_NAME='jansson'
PACKAGE_STRING='jansson 2.14'
PACKAGE_TARNAME='jansson'
PACKAGE_URL=''
PACKAGE_VERSION='2.14'
PATH_SEPARATOR=':'
RANLIB='ranlib'
SED='/usr/bin/sed'
SET_MAKE=''
SHELL='/bin/sh'
STRIP='strip'
USE_OSSFUZZERS_FALSE=''
USE_OSSFUZZERS_TRUE='#'
USE_OSSFUZZ_FLAG_FALSE=''
USE_OSSFUZZ_FLAG_TRUE='#'
USE_OSSFUZZ_STATIC_FALSE=''
USE_OSSFUZZ_STATIC_TRUE='#'
VERSION='2.14'
ac_ct_AR='ar'
ac_ct_CC='gcc'
ac_ct_CXX='g++'
ac_ct_DUMPBIN=''
am__EXEEXT_FALSE=''
am__EXEEXT_TRUE='#'
am__fastdepCC_FALSE='#'
am__fastdepCC_TRUE=''
am__fastdepCXX_FALSE='#'
am__fastdepCXX_TRUE=''
am__include='include'
am__isrc=''
am__leading_dot='.'
am__nodep='_no'
am__quote=''
am__rm_f_notfound=''
am__tar='$${TAR-tar} chof - "$$tardir"'
am__untar='$${TAR-tar} xf -'
am__xargs_n='xargs -n'
bindir='${exec_prefix}/bin'
build='aarch64-apple-darwin24.1.0'
build_alias=''
build_cpu='aarch64'
build_os='darwin24.1.0'
build_vendor='apple'
datadir='${datarootdir}'
datarootdir='${prefix}/share'
docdir='${datarootdir}/doc/${PACKAGE_TARNAME}'
dvidir='${docdir}'
exec_prefix='${prefix}'
host='aarch64-apple-darwin24.1.0'
host_alias=''
host_cpu='aarch64'
host_os='darwin24.1.0'
host_vendor='apple'
htmldir='${docdir}'
includedir='${prefix}/include'
infodir='${datarootdir}/info'
install_sh='${SHELL} /Users/tonyoutlier/bitbucket.org/ckolivas/ckpool/src/jansson-2.14/install-sh'
json_have_atomic_builtins='1'
json_have_localeconv='1'
json_have_long_long='1'
json_have_sync_builtins='1'
json_inline='inline'
libdir='${exec_prefix}/lib'
libexecdir='${exec_prefix}/libexec'
localedir='${datarootdir}/locale'
localstatedir='${prefix}/var'
mandir='${datarootdir}/man'
mkdir_p='$(MKDIR_P)'
oldincludedir='/usr/include'
pdfdir='${docdir}'
prefix='/usr/local'
program_transform_name='s,x,x,'
psdir='${docdir}'
runstatedir='${localstatedir}/run'
sbindir='${exec_prefix}/sbin'
sharedstatedir='${prefix}/com'
sysconfdir='${prefix}/etc'
target_alias=''

## ----------- ##
## confdefs.h. ##
## ----------- ##

/* confdefs.h */
#define PACKAGE_NAME "jansson"
#define PACKAGE_TARNAME "jansson"
#define PACKAGE_VERSION "2.14"
#define PACKAGE_STRING "jansson 2.14"
#define PACKAGE_BUGREPORT "https://github.com/akheron/jansson/issues"
#define PACKAGE_URL ""
#define PACKAGE "jansson"
#define VERSION "2.14"
#define HAVE_STDIO_H 1
#define HAVE_STDLIB_H 1
#define HAVE_STRING_H 1
#define HAVE_INTTYPES_H 1
#define HAVE_STDINT_H 1
#define HAVE_STRINGS_H 1
#define HAVE_SYS_STAT_H 1
#define HAVE_SYS_TYPES_H 1
#define HAVE_UNISTD_H 1
#define STDC_HEADERS 1
#define HAVE_DLFCN_H 1
#define LT_OBJDIR ".libs/"
#define HAVE_FCNTL_H 1
#define HAVE_LOCALE_H 1
#define HAVE_SCHED_H 1
#define HAVE_UNISTD_H 1
#define HAVE_SYS_PARAM_H 1
#define HAVE_SYS_STAT_H 1
#define HAVE_SYS_TIME_H 1
#define HAVE_SYS_TYPES_H 1
#define HAVE_UNSIGNED_LONG_LONG_INT 1
#define HAVE_LONG_LONG_INT 1
#define HAVE_CLOSE 1
#define HAVE_GETPID 1
#define HAVE_GETTIMEOFDAY 1
#define HAVE_LOCALECONV 1
#define HAVE_OPEN 1
#define HAVE_READ 1
#define HAVE_SCHED_YIELD 1
#define HAVE_STRTOLL 1
#define HAVE_SYNC_BUILTINS 1
#define HAVE_ATOMIC_BUILTINS 1
#define USE_URANDOM 1
#define USE_WINDOWS_CRYPTOAPI 1
#define INITIAL_HASHTABLE_ORDER 3

configure: exit 0
